<?xml version="1.0" encoding="UTF-8"?>
<testsuite xmlns:xsi="http://www.w3.org/2001/XMLSchema-instance" xsi:noNamespaceSchemaLocation="https://maven.apache.org/surefire/maven-surefire-plugin/xsd/surefire-test-report-3.0.xsd" version="3.0" name="mg.cico.DAO.ProjetDAOH2Test" time="0.349" tests="3" errors="0" skipped="0" failures="0">
  <properties>
[...]
</properties>
  <testcase name="testUpdateProjet" classname="mg.cico.DAO.ProjetDAOH2Test" time="0.057">
    <system-out><![CDATA[20:38:38.906 [main] DEBUG mg.cico.DAO.ProjetDAO -- Projet créé avec succès: Projet Update H2
20:38:38.919 [main] DEBUG mg.cico.DAO.ProjetDAO -- Récupération de tous les projets: 1 projets trouvés
20:38:38.923 [main] DEBUG mg.cico.DAO.ProjetDAO -- Récupération de tous les projets: 1 projets trouvés
]]></system-out>
  </testcase>
  <testcase name="testCreateAndGetAllProjet" classname="mg.cico.DAO.ProjetDAOH2Test" time="0.003">
    <system-out><![CDATA[20:38:38.934 [main] DEBUG mg.cico.DAO.ProjetDAO -- Projet créé avec succès: Test Projet H2
20:38:38.935 [main] DEBUG mg.cico.DAO.ProjetDAO -- Récupération de tous les projets: 2 projets trouvés
]]></system-out>
  </testcase>
  <testcase name="testSearchByCriteria" classname="mg.cico.DAO.ProjetDAOH2Test" time="0.006">
    <system-out><![CDATA[20:38:38.939 [main] DEBUG mg.cico.DAO.ProjetDAO -- Projet créé avec succès: Recherche Test H2
20:38:38.943 [main] DEBUG mg.cico.DAO.ProjetDAO -- Résultat de recherche: 1 projets trouvés
]]></system-out>
  </testcase>
</testsuite>